2020-05-18 22:39:24,686 [INFO] from akka.event.slf4j.Slf4jLogger in application-akka.actor.default-dispatcher-2 - Slf4jLogger started
2020-05-18 22:39:24,854 [INFO] from com.jpro.activity in Thread-0 - Starting the server
2020-05-18 22:39:24,854 [INFO] from com.jpro.internal.server.Initializer$ in Thread-0 -  *** Starting JPro: https://www.jpro.one/ ***
2020-05-18 22:39:24,854 [INFO] from com.jpro.internal.server.Initializer$ in Thread-0 - OS: Windows 10
2020-05-18 22:39:24,863 [INFO] from com.jpro.internal.server.Initializer$ in Thread-0 - JPro: 2019.2.3
2020-05-18 22:39:24,863 [INFO] from com.jpro.internal.server.Initializer$ in Thread-0 - Java version: 11.0.6
2020-05-18 22:39:24,863 [INFO] from com.jpro.internal.server.Initializer$ in Thread-0 - JVM: 11.0.6 Oracle Corporation
2020-05-18 22:39:24,876 [INFO] from com.jpro.internal.server.Initializer$ in Thread-0 - redirected OUT / ERR
2020-05-18 22:39:24,876 [INFO] from com.jpro.internal.server.Initializer$ in Thread-0 - installed SLF4JBridge
2020-05-18 22:39:24,894 [INFO] from com.jpro.internal.server.MonocleInitializer$ in Thread-0 - screen: null
2020-05-18 22:39:25,319 [INFO] from com.jpro.internal.server.Initializer$ in Thread-0 - finished init!
2020-05-18 22:39:25,319 [INFO] from com.jpro.internal.server.Initializer$ in JavaFX Application Thread - JavaFX version: 11.0.3.4-jpro+0-2019-12-20-085014
2020-05-18 22:39:25,338 [INFO] from com.jpro.internal.chart.model.DynamicDataModel in JavaFX Application Thread - Started Monitoring chart data...
2020-05-18 22:39:25,360 [INFO] from com.jpro.internal.chart.model.ChartJSONImExporter in JavaFX Application Thread - Nothing to import
2020-05-18 22:39:25,612 [INFO] from play.api.Play in Thread-0 - Application started (Prod)
2020-05-18 22:39:26,005 [INFO] from play.core.server.AkkaHttpServer in Thread-0 - Listening for HTTP on /0:0:0:0:0:0:0:0:8080
2020-05-18 22:39:27,010 [INFO] from controllers.jpro in application-akka.actor.default-dispatcher-2 - application requested: 0!episim
2020-05-18 22:39:27,024 [INFO] from controllers.jpro in application-akka.actor.default-dispatcher-2 - Creating Application: 0!episim
2020-05-18 22:39:27,028 [INFO] from controllers.jpro in application-akka.actor.default-dispatcher-2 - remoteAddress 0:0:0:0:0:0:0:1
2020-05-18 22:39:27,029 [WARN] from controllers.jpro in application-akka.actor.default-dispatcher-6 - jpro.plainFile - Couldn't get resource for: 'jpro/html/favicon.ico'
2020-05-18 22:39:27,030 [INFO] from controllers.jpro in application-akka.actor.default-dispatcher-2 - host          localhost:8080
2020-05-18 22:39:27,030 [INFO] from controllers.jpro in application-akka.actor.default-dispatcher-2 - uri           /app/0!episim
2020-05-18 22:39:28,122 [INFO] from com.jpro.internal.server.ViewSerializerActor in JavaFX Application Thread - appdef: AppByMain(episim,org.epi.MainApp,None,NamedClassLoader(system),false) clientinfo: ClientInfo(http://localhost:8080/,http://localhost:8080/app/episim,1536.0,722.0,false,en-GB,List(en-GB, en-US, en, sv),Map(Idea-861972b3 -> 1991cd2f-b421-45d4-87ad-1c726b6403e2, Idea-d1815c0 -> c6c668c2-146e-42f6-b039-7d0170e64cdc))out: Actor[akka://application/system/StreamSupervisor-0/$$g-actorRefSource#-1404646975]
2020-05-18 22:39:29,381 [INFO] from com.jpro.JS in JavaFX Application Thread - received msg: new MainID: 12229 userid: 898780082
2020-05-18 22:42:56,408 [INFO] from com.jpro.internal.stats.ViewInfo$ in JavaFX Application Thread - 
2020-05-18 22:42:56,408 [INFO] from com.jpro.internal.stats.ViewInfo$ in JavaFX Application Thread - Application closed:
2020-05-18 22:42:56,415 [INFO] from com.jpro.internal.stats.ViewInfo$ in JavaFX Application Thread - startTime      : Mon May 18 22:42:56 CEST 2020      
2020-05-18 22:42:56,415 [INFO] from com.jpro.internal.stats.ViewInfo$ in JavaFX Application Thread - averageLatency : 00:00:00.127 
2020-05-18 22:42:56,415 [INFO] from com.jpro.internal.stats.ViewInfo$ in JavaFX Application Thread - averageJitter  : 00:00:00.017  
2020-05-18 22:42:56,416 [INFO] from com.jpro.internal.stats.ViewInfo$ in JavaFX Application Thread - framerateServer: 00:00:00.000
2020-05-18 22:42:56,416 [INFO] from com.jpro.internal.stats.ViewInfo$ in JavaFX Application Thread - framerateClient: 00:00:00.000
2020-05-18 22:42:56,416 [INFO] from com.jpro.internal.stats.ViewInfo$ in JavaFX Application Thread - raw            : 221695724
2020-05-18 22:42:56,416 [INFO] from com.jpro.internal.stats.ViewInfo$ in JavaFX Application Thread - zipped         : 41760084
2020-05-18 22:42:56,416 [INFO] from com.jpro.internal.stats.ViewInfo$ in JavaFX Application Thread - 
